# Push Log for epistles-of-the-fold
# Generated by gitfield-sync

[2025-06-16T10:42:57Z] Local: , Branch=master, Commit=0ae36fa
  Diff Summary:
     .gitfield/local.sigil.md | 59 ++++++++++++++++++++++++++++++++++++++++++++++++
     1 file changed, 59 insertions(+)
[2025-06-16T10:43:38Z] Radicle: RID=rad:z3FEj7rF8gZw9eFksCuiN43qjzrex, Peer ID=z6Mkw5s3ppo26C7y7tGK5MD8n2GqTHS582PPpeX5Xqbu2Mpz, Branch=master, Commit=0ae36fa
  CLI: rad inspect rad:z3FEj7rF8gZw9eFksCuiN43qjzrex # View project details
  CLI: git ls-tree -r --name-only HEAD # View file structure
  Diff Summary:
     .gitfield/radicle.sigil.md | 67 ++++++++++++++++++++++++++++++++++++++++++++++
     1 file changed, 67 insertions(+)
[2025-06-16T10:44:02Z] Forgejo: https://remember.thefoldwithin.earth/mrhavens/epistles-of-the-fold, Branch=master, Commit=0ae36fa
  Diff Summary:
     .gitfield/remember.sigil.md | 59 +++++++++++++++++++++++++++++++++++++++++++++
     1 file changed, 59 insertions(+)
[2025-06-16T10:44:09Z] Codeberg: https://codeberg.org/mrhavens/epistles-of-the-fold, Branch=master, Commit=0ae36fa
  Diff Summary:
     .gitfield/pushed.log | 4 ++++
     1 file changed, 4 insertions(+)
[2025-06-16T10:44:47Z] GitLab: https://gitlab.com/mrhavens/epistles-of-the-fold, Branch=master, Commit=0ae36fa
  Diff Summary:
     .gitfield/gitlab.sigil.md | 59 +++++++++++++++++++++++++++++++++++++++++++++++
     1 file changed, 59 insertions(+)
[2025-06-16T10:45:17Z] Bitbucket: https://bitbucket.org/thefoldwithin/epistles-of-the-fold, Branch=master, Commit=0ae36fa
  Diff Summary:
     .gitfield/bitbucket.sigil.md | 59 ++++++++++++++++++++++++++++++++++++++++++++
     1 file changed, 59 insertions(+)
[2025-06-16T10:46:00Z] GitHub: https://github.com/mrhavens/epistles-of-the-fold, Branch=master, Commit=0ae36fa
  Diff Summary:
     .gitfield/github.sigil.md | 59 +++++++++++++++++++++++++++++++++++++++++++++++
     1 file changed, 59 insertions(+)
[2025-06-16T10:48:47Z] Local: , Branch=master, Commit=0ae36fa
  Diff Summary:
     .gitfield/local.sigil.md | 18 +++++++++---------
     1 file changed, 9 insertions(+), 9 deletions(-)
[2025-06-16T10:49:17Z] Radicle: RID=rad:z3FEj7rF8gZw9eFksCuiN43qjzrex, Peer ID=z6Mkw5s3ppo26C7y7tGK5MD8n2GqTHS582PPpeX5Xqbu2Mpz, Branch=master, Commit=0ae36fa
  CLI: rad inspect rad:z3FEj7rF8gZw9eFksCuiN43qjzrex # View project details
  CLI: git ls-tree -r --name-only HEAD # View file structure
  Diff Summary:
     .gitfield/radicle.sigil.md | 20 ++++++++++----------
     1 file changed, 10 insertions(+), 10 deletions(-)
[2025-06-16T10:49:40Z] Forgejo: https://remember.thefoldwithin.earth/mrhavens/epistles-of-the-fold, Branch=master, Commit=0ae36fa
  Diff Summary:
     .gitfield/remember.sigil.md | 16 ++++++++--------
     1 file changed, 8 insertions(+), 8 deletions(-)
